[2026-01-07 09:55:24] [WARN] Acesso negado - não logado
[2026-01-07 09:56:02] [WARN] Acesso negado - não logado
[2026-01-07 09:56:48] [WARN] Acesso negado - não logado
[2026-01-08 21:59:18] [WARN] Acesso negado - não logado
[2026-01-08 22:13:58] [WARN] Acesso negado - não logado
[2026-01-08 22:13:58] [WARN] Acesso negado - não logado
[2026-01-08 22:13:58] [WARN] Acesso negado - não logado
[2026-01-08 22:13:59] [WARN] Acesso negado - não logado
[2026-01-08 22:13:59] [WARN] Acesso negado - não logado
[2026-01-08 22:13:59] [WARN] Acesso negado - não logado
[2026-01-08 22:13:59] [WARN] Acesso negado - não logado
[2026-01-08 22:13:59] [WARN] Acesso negado - não logado
[2026-01-08 22:14:00] [WARN] Acesso negado - não logado
[2026-01-08 22:14:00] [WARN] Acesso negado - não logado
[2026-01-08 22:14:00] [WARN] Acesso negado - não logado
[2026-01-08 22:14:00] [WARN] Acesso negado - não logado
[2026-01-08 22:14:00] [WARN] Acesso negado - não logado
[2026-01-08 22:14:01] [WARN] Acesso negado - não logado
[2026-01-08 22:14:01] [WARN] Acesso negado - não logado
[2026-01-08 22:14:01] [WARN] Acesso negado - não logado
[2026-01-08 22:14:01] [WARN] Acesso negado - não logado
[2026-01-08 22:14:01] [WARN] Acesso negado - não logado
[2026-01-08 22:14:02] [WARN] Acesso negado - não logado
[2026-01-08 22:14:02] [WARN] Acesso negado - não logado
[2026-01-08 22:14:03] [WARN] Acesso negado - não logado
[2026-01-08 22:14:03] [WARN] Acesso negado - não logado
[2026-01-08 22:14:03] [WARN] Acesso negado - não logado
[2026-01-08 22:14:04] [WARN] Acesso negado - não logado
[2026-01-08 22:14:04] [WARN] Acesso negado - não logado
[2026-01-08 22:14:04] [WARN] Acesso negado - não logado
[2026-01-08 22:14:04] [WARN] Acesso negado - não logado
[2026-01-08 22:14:04] [WARN] Acesso negado - não logado
[2026-01-08 22:14:05] [WARN] Acesso negado - não logado
[2026-01-08 22:14:05] [WARN] Acesso negado - não logado
[2026-01-08 22:14:05] [WARN] Acesso negado - não logado
[2026-01-08 22:14:05] [WARN] Acesso negado - não logado
[2026-01-08 22:14:05] [WARN] Acesso negado - não logado
[2026-01-08 22:14:05] [WARN] Acesso negado - não logado
[2026-01-08 22:14:06] [WARN] Acesso negado - não logado
[2026-01-08 22:14:06] [WARN] Acesso negado - não logado
[2026-01-08 22:14:06] [WARN] Acesso negado - não logado
[2026-01-08 22:14:06] [WARN] Acesso negado - não logado
[2026-01-08 22:14:06] [WARN] Acesso negado - não logado
[2026-01-08 22:14:07] [WARN] Acesso negado - não logado
[2026-01-08 22:14:12] [WARN] Acesso negado - não logado
[2026-01-08 22:14:12] [WARN] Acesso negado - não logado
[2026-01-08 22:14:12] [WARN] Acesso negado - não logado
[2026-01-08 22:14:12] [WARN] Acesso negado - não logado
[2026-01-08 22:14:13] [WARN] Acesso negado - não logado
[2026-01-08 22:14:13] [WARN] Acesso negado - não logado
[2026-01-08 22:14:13] [WARN] Acesso negado - não logado
[2026-01-08 22:14:13] [WARN] Acesso negado - não logado
[2026-01-08 22:14:13] [WARN] Acesso negado - não logado
[2026-01-08 22:14:14] [WARN] Acesso negado - não logado
[2026-01-08 22:14:14] [WARN] Acesso negado - não logado
[2026-01-08 22:14:14] [WARN] Acesso negado - não logado
[2026-01-08 22:14:14] [WARN] Acesso negado - não logado
[2026-01-08 22:14:14] [WARN] Acesso negado - não logado
[2026-01-08 22:14:14] [WARN] Acesso negado - não logado
[2026-01-08 22:14:15] [WARN] Acesso negado - não logado
[2026-01-08 22:14:15] [WARN] Acesso negado - não logado
[2026-01-08 22:14:15] [WARN] Acesso negado - não logado
[2026-01-08 22:14:15] [WARN] Acesso negado - não logado
[2026-01-08 22:14:15] [WARN] Acesso negado - não logado
[2026-01-08 22:14:16] [WARN] Acesso negado - não logado
[2026-01-08 22:14:16] [WARN] Acesso negado - não logado
[2026-01-08 22:14:17] [WARN] Acesso negado - não logado
[2026-01-08 22:14:17] [WARN] Acesso negado - não logado
[2026-01-08 22:14:17] [WARN] Acesso negado - não logado
[2026-01-08 22:14:17] [WARN] Acesso negado - não logado
[2026-01-08 22:14:17] [WARN] Acesso negado - não logado
[2026-01-08 22:14:17] [WARN] Acesso negado - não logado
[2026-01-08 22:14:18] [WARN] Acesso negado - não logado
[2026-01-08 22:14:18] [WARN] Acesso negado - não logado
[2026-01-08 22:14:18] [WARN] Acesso negado - não logado
[2026-01-08 22:14:18] [WARN] Acesso negado - não logado
[2026-01-08 22:14:18] [WARN] Acesso negado - não logado
[2026-01-08 22:14:19] [WARN] Acesso negado - não logado
[2026-01-08 22:14:19] [WARN] Acesso negado - não logado
[2026-01-08 22:14:19] [WARN] Acesso negado - não logado
[2026-01-08 22:14:19] [WARN] Acesso negado - não logado
[2026-01-08 22:14:19] [WARN] Acesso negado - não logado
[2026-01-08 22:14:20] [WARN] Acesso negado - não logado
[2026-01-08 22:14:21] [WARN] Acesso negado - não logado
[2026-01-08 22:14:21] [WARN] Acesso negado - não logado
[2026-01-08 22:14:21] [WARN] Acesso negado - não logado
[2026-01-08 22:14:21] [WARN] Acesso negado - não logado
[2026-01-08 22:14:22] [WARN] Acesso negado - não logado
[2026-01-08 22:14:22] [WARN] Acesso negado - não logado
[2026-01-08 22:14:22] [WARN] Acesso negado - não logado
[2026-01-08 22:14:22] [WARN] Acesso negado - não logado
[2026-01-08 22:14:22] [WARN] Acesso negado - não logado
[2026-01-08 22:14:23] [WARN] Acesso negado - não logado
[2026-01-08 22:14:23] [WARN] Acesso negado - não logado
[2026-01-08 22:14:23] [WARN] Acesso negado - não logado
[2026-01-08 22:14:23] [WARN] Acesso negado - não logado
[2026-01-08 22:14:23] [WARN] Acesso negado - não logado
[2026-01-08 22:14:24] [WARN] Acesso negado - não logado
[2026-01-08 22:14:24] [WARN] Acesso negado - não logado
[2026-01-08 22:14:24] [WARN] Acesso negado - não logado
[2026-01-08 22:14:24] [WARN] Acesso negado - não logado
[2026-01-08 22:14:25] [WARN] Acesso negado - não logado
[2026-01-08 22:14:25] [WARN] Acesso negado - não logado
[2026-01-08 22:14:30] [WARN] Acesso negado - não logado
[2026-01-08 22:14:30] [WARN] Acesso negado - não logado
[2026-01-08 22:14:30] [WARN] Acesso negado - não logado
[2026-01-08 22:14:30] [WARN] Acesso negado - não logado
[2026-01-08 22:14:31] [WARN] Acesso negado - não logado
[2026-01-08 22:14:31] [WARN] Acesso negado - não logado
[2026-01-08 22:14:31] [WARN] Acesso negado - não logado
[2026-01-08 22:14:31] [WARN] Acesso negado - não logado
[2026-01-08 22:14:31] [WARN] Acesso negado - não logado
[2026-01-08 22:14:32] [WARN] Acesso negado - não logado
[2026-01-08 22:14:32] [WARN] Acesso negado - não logado
[2026-01-08 22:14:32] [WARN] Acesso negado - não logado
[2026-01-08 22:14:32] [WARN] Acesso negado - não logado
[2026-01-08 22:14:32] [WARN] Acesso negado - não logado
[2026-01-08 22:14:33] [WARN] Acesso negado - não logado
[2026-01-08 22:14:33] [WARN] Acesso negado - não logado
[2026-01-08 22:14:33] [WARN] Acesso negado - não logado
[2026-01-08 22:14:33] [WARN] Acesso negado - não logado
[2026-01-08 22:14:33] [WARN] Acesso negado - não logado
[2026-01-08 22:14:33] [WARN] Acesso negado - não logado
[2026-01-08 22:15:04] [WARN] Acesso negado - não logado
[2026-01-08 22:15:04] [WARN] Acesso negado - não logado
[2026-01-08 22:15:04] [WARN] Acesso negado - não logado
[2026-01-08 22:15:04] [WARN] Acesso negado - não logado
[2026-01-08 22:15:04] [WARN] Acesso negado - não logado
[2026-01-08 22:15:05] [WARN] Acesso negado - não logado
[2026-01-08 22:15:05] [WARN] Acesso negado - não logado
[2026-01-08 22:15:05] [WARN] Acesso negado - não logado
[2026-01-08 22:15:05] [WARN] Acesso negado - não logado
[2026-01-08 22:15:05] [WARN] Acesso negado - não logado
[2026-01-08 22:15:06] [WARN] Acesso negado - não logado
[2026-01-08 22:15:06] [WARN] Acesso negado - não logado
[2026-01-08 22:15:06] [WARN] Acesso negado - não logado
[2026-01-08 22:15:06] [WARN] Acesso negado - não logado
[2026-01-08 22:15:06] [WARN] Acesso negado - não logado
[2026-01-08 22:15:06] [WARN] Acesso negado - não logado
[2026-01-08 22:15:07] [WARN] Acesso negado - não logado
[2026-01-08 22:15:07] [WARN] Acesso negado - não logado
[2026-01-08 22:15:07] [WARN] Acesso negado - não logado
[2026-01-08 22:15:07] [WARN] Acesso negado - não logado
[2026-01-08 22:16:07] [WARN] Acesso negado - não logado
[2026-01-08 22:16:08] [WARN] Acesso negado - não logado
[2026-01-08 22:16:08] [WARN] Acesso negado - não logado
[2026-01-08 22:16:08] [WARN] Acesso negado - não logado
[2026-01-08 22:16:08] [WARN] Acesso negado - não logado
[2026-01-08 22:16:08] [WARN] Acesso negado - não logado
[2026-01-08 22:16:09] [WARN] Acesso negado - não logado
[2026-01-08 22:16:09] [WARN] Acesso negado - não logado
[2026-01-08 22:16:09] [WARN] Acesso negado - não logado
[2026-01-08 22:16:09] [WARN] Acesso negado - não logado
[2026-01-08 22:16:09] [WARN] Acesso negado - não logado
[2026-01-08 22:16:10] [WARN] Acesso negado - não logado
[2026-01-08 22:16:10] [WARN] Acesso negado - não logado
[2026-01-08 22:16:10] [WARN] Acesso negado - não logado
[2026-01-08 22:16:10] [WARN] Acesso negado - não logado
[2026-01-08 22:16:10] [WARN] Acesso negado - não logado
[2026-01-08 22:16:11] [WARN] Acesso negado - não logado
[2026-01-08 22:16:11] [WARN] Acesso negado - não logado
[2026-01-08 22:16:11] [WARN] Acesso negado - não logado
[2026-01-08 22:16:11] [WARN] Acesso negado - não logado
[2026-01-08 22:17:35] [WARN] Acesso negado - não logado
[2026-01-08 22:17:36] [WARN] Acesso negado - não logado
[2026-01-08 22:17:36] [WARN] Acesso negado - não logado
[2026-01-08 22:17:36] [WARN] Acesso negado - não logado
[2026-01-08 22:17:36] [WARN] Acesso negado - não logado
[2026-01-08 22:17:36] [WARN] Acesso negado - não logado
[2026-01-08 22:17:37] [WARN] Acesso negado - não logado
[2026-01-08 22:17:37] [WARN] Acesso negado - não logado
[2026-01-08 22:17:37] [WARN] Acesso negado - não logado
[2026-01-08 22:17:37] [WARN] Acesso negado - não logado
[2026-01-08 22:17:37] [WARN] Acesso negado - não logado
[2026-01-08 22:17:37] [WARN] Acesso negado - não logado
[2026-01-08 22:17:38] [WARN] Acesso negado - não logado
[2026-01-08 22:17:38] [WARN] Acesso negado - não logado
[2026-01-08 22:17:38] [WARN] Acesso negado - não logado
[2026-01-08 22:17:38] [WARN] Acesso negado - não logado
[2026-01-08 22:17:38] [WARN] Acesso negado - não logado
[2026-01-08 22:17:39] [WARN] Acesso negado - não logado
[2026-01-08 22:17:39] [WARN] Acesso negado - não logado
[2026-01-08 22:17:39] [WARN] Acesso negado - não logado
[2026-01-08 22:17:40] [WARN] Acesso negado - não logado
[2026-01-08 22:17:40] [WARN] Acesso negado - não logado
[2026-01-08 22:17:41] [WARN] Acesso negado - não logado
[2026-01-08 22:17:41] [WARN] Acesso negado - não logado
[2026-01-08 22:17:41] [WARN] Acesso negado - não logado
[2026-01-08 22:17:41] [WARN] Acesso negado - não logado
[2026-01-08 22:17:41] [WARN] Acesso negado - não logado
[2026-01-08 22:17:41] [WARN] Acesso negado - não logado
[2026-01-08 22:17:42] [WARN] Acesso negado - não logado
[2026-01-08 22:17:42] [WARN] Acesso negado - não logado
[2026-01-08 22:17:42] [WARN] Acesso negado - não logado
[2026-01-08 22:17:42] [WARN] Acesso negado - não logado
[2026-01-08 22:17:42] [WARN] Acesso negado - não logado
[2026-01-08 22:17:43] [WARN] Acesso negado - não logado
[2026-01-08 22:17:43] [WARN] Acesso negado - não logado
[2026-01-08 22:17:43] [WARN] Acesso negado - não logado
[2026-01-08 22:17:43] [WARN] Acesso negado - não logado
[2026-01-08 22:17:43] [WARN] Acesso negado - não logado
[2026-01-08 22:17:44] [WARN] Acesso negado - não logado
[2026-01-08 22:17:44] [WARN] Acesso negado - não logado
[2026-01-08 22:17:49] [WARN] Acesso negado - não logado
[2026-01-08 22:17:49] [WARN] Acesso negado - não logado
[2026-01-08 22:17:49] [WARN] Acesso negado - não logado
[2026-01-08 22:17:50] [WARN] Acesso negado - não logado
[2026-01-08 22:17:50] [WARN] Acesso negado - não logado
[2026-01-08 22:17:50] [WARN] Acesso negado - não logado
[2026-01-08 22:17:50] [WARN] Acesso negado - não logado
[2026-01-08 22:17:50] [WARN] Acesso negado - não logado
[2026-01-08 22:17:51] [WARN] Acesso negado - não logado
[2026-01-08 22:17:51] [WARN] Acesso negado - não logado
[2026-01-08 22:17:51] [WARN] Acesso negado - não logado
[2026-01-08 22:17:51] [WARN] Acesso negado - não logado
[2026-01-08 22:17:51] [WARN] Acesso negado - não logado
[2026-01-08 22:17:51] [WARN] Acesso negado - não logado
[2026-01-08 22:17:52] [WARN] Acesso negado - não logado
[2026-01-08 22:17:52] [WARN] Acesso negado - não logado
[2026-01-08 22:17:52] [WARN] Acesso negado - não logado
[2026-01-08 22:17:52] [WARN] Acesso negado - não logado
[2026-01-08 22:17:52] [WARN] Acesso negado - não logado
[2026-01-08 22:17:53] [WARN] Acesso negado - não logado
[2026-01-08 22:18:04] [WARN] Acesso negado - não logado
[2026-01-08 22:18:05] [WARN] Acesso negado - não logado
[2026-01-08 22:18:05] [WARN] Acesso negado - não logado
[2026-01-08 22:18:05] [WARN] Acesso negado - não logado
[2026-01-08 22:18:05] [WARN] Acesso negado - não logado
[2026-01-08 22:18:05] [WARN] Acesso negado - não logado
[2026-01-08 22:18:05] [WARN] Acesso negado - não logado
[2026-01-08 22:18:06] [WARN] Acesso negado - não logado
[2026-01-08 22:18:06] [WARN] Acesso negado - não logado
[2026-01-08 22:18:06] [WARN] Acesso negado - não logado
[2026-01-08 22:18:06] [WARN] Acesso negado - não logado
[2026-01-08 22:18:06] [WARN] Acesso negado - não logado
[2026-01-08 22:18:07] [WARN] Acesso negado - não logado
[2026-01-08 22:18:07] [WARN] Acesso negado - não logado
[2026-01-08 22:18:07] [WARN] Acesso negado - não logado
[2026-01-08 22:18:07] [WARN] Acesso negado - não logado
[2026-01-08 22:18:07] [WARN] Acesso negado - não logado
[2026-01-08 22:18:07] [WARN] Acesso negado - não logado
[2026-01-08 22:18:08] [WARN] Acesso negado - não logado
[2026-01-08 22:18:08] [WARN] Acesso negado - não logado
[2026-01-08 22:18:09] [WARN] Acesso negado - não logado
[2026-01-08 22:18:09] [WARN] Acesso negado - não logado
[2026-01-08 22:18:09] [WARN] Acesso negado - não logado
[2026-01-08 22:18:10] [WARN] Acesso negado - não logado
[2026-01-08 22:18:10] [WARN] Acesso negado - não logado
[2026-01-08 22:18:10] [WARN] Acesso negado - não logado
[2026-01-08 22:18:10] [WARN] Acesso negado - não logado
[2026-01-08 22:18:10] [WARN] Acesso negado - não logado
[2026-01-08 22:18:11] [WARN] Acesso negado - não logado
[2026-01-08 22:18:11] [WARN] Acesso negado - não logado
[2026-01-08 22:18:11] [WARN] Acesso negado - não logado
[2026-01-08 22:18:11] [WARN] Acesso negado - não logado
[2026-01-08 22:18:11] [WARN] Acesso negado - não logado
[2026-01-08 22:18:12] [WARN] Acesso negado - não logado
[2026-01-08 22:18:12] [WARN] Acesso negado - não logado
[2026-01-08 22:18:12] [WARN] Acesso negado - não logado
[2026-01-08 22:18:12] [WARN] Acesso negado - não logado
[2026-01-08 22:18:12] [WARN] Acesso negado - não logado
[2026-01-08 22:18:12] [WARN] Acesso negado - não logado
[2026-01-08 22:18:13] [WARN] Acesso negado - não logado
[2026-01-08 22:18:18] [WARN] Acesso negado - não logado
[2026-01-08 22:18:18] [WARN] Acesso negado - não logado
[2026-01-08 22:18:18] [WARN] Acesso negado - não logado
[2026-01-08 22:18:18] [WARN] Acesso negado - não logado
[2026-01-08 22:18:19] [WARN] Acesso negado - não logado
[2026-01-08 22:18:19] [WARN] Acesso negado - não logado
[2026-01-08 22:18:19] [WARN] Acesso negado - não logado
[2026-01-08 22:18:19] [WARN] Acesso negado - não logado
[2026-01-08 22:18:19] [WARN] Acesso negado - não logado
[2026-01-08 22:18:20] [WARN] Acesso negado - não logado
[2026-01-08 22:18:20] [WARN] Acesso negado - não logado
[2026-01-08 22:18:20] [WARN] Acesso negado - não logado
[2026-01-08 22:18:20] [WARN] Acesso negado - não logado
[2026-01-08 22:18:20] [WARN] Acesso negado - não logado
[2026-01-08 22:18:21] [WARN] Acesso negado - não logado
[2026-01-08 22:18:21] [WARN] Acesso negado - não logado
[2026-01-08 22:18:21] [WARN] Acesso negado - não logado
[2026-01-08 22:18:21] [WARN] Acesso negado - não logado
[2026-01-08 22:18:21] [WARN] Acesso negado - não logado
[2026-01-08 22:18:22] [WARN] Acesso negado - não logado
[2026-01-08 22:18:52] [WARN] Acesso negado - não logado
[2026-01-08 22:18:52] [WARN] Acesso negado - não logado
[2026-01-08 22:18:52] [WARN] Acesso negado - não logado
[2026-01-08 22:18:52] [WARN] Acesso negado - não logado
[2026-01-08 22:18:53] [WARN] Acesso negado - não logado
[2026-01-08 22:18:53] [WARN] Acesso negado - não logado
[2026-01-08 22:18:53] [WARN] Acesso negado - não logado
[2026-01-08 22:18:53] [WARN] Acesso negado - não logado
[2026-01-08 22:18:53] [WARN] Acesso negado - não logado
[2026-01-08 22:18:54] [WARN] Acesso negado - não logado
[2026-01-08 22:18:54] [WARN] Acesso negado - não logado
[2026-01-08 22:18:54] [WARN] Acesso negado - não logado
[2026-01-08 22:18:54] [WARN] Acesso negado - não logado
[2026-01-08 22:18:54] [WARN] Acesso negado - não logado
[2026-01-08 22:18:54] [WARN] Acesso negado - não logado
[2026-01-08 22:18:55] [WARN] Acesso negado - não logado
[2026-01-08 22:18:55] [WARN] Acesso negado - não logado
[2026-01-08 22:18:55] [WARN] Acesso negado - não logado
[2026-01-08 22:18:55] [WARN] Acesso negado - não logado
[2026-01-08 22:18:55] [WARN] Acesso negado - não logado
[2026-01-08 22:19:16] [WARN] Acesso negado - não logado
[2026-01-08 22:19:40] [WARN] Acesso negado - não logado
[2026-01-08 22:21:08] [WARN] Acesso negado - não logado
[2026-01-10 18:08:52] [WARN] Acesso negado - não logado
[2026-01-10 18:10:57] [INFO] Tabela usuarios_sistema verificada/criada
[2026-01-10 18:10:58] [INFO] Tabela usuarios_sistema verificada/criada
[2026-01-10 18:14:25] [INFO] Tabela usuarios_sistema verificada/criada
[2026-01-10 18:15:24] [INFO] Tabela usuarios_sistema verificada/criada
[2026-01-10 18:15:24] [INFO] Email com licença ativa confirmada: admin@local.test
[2026-01-10 18:15:25] [INFO] Login realizado com sucesso: admin@local.test
[2026-01-10 18:15:25] [INFO] Tabela usuarios_sistema verificada/criada
[2026-01-10 18:15:25] [INFO] Licença ativa encontrada: admin@local.test - Produto: 5776734
[2026-01-10 18:19:14] [INFO] Tabela usuarios_sistema verificada/criada
[2026-01-10 18:19:14] [INFO] Licença ativa encontrada: admin@local.test - Produto: 5776734
[2026-01-10 18:19:24] [INFO] Tabela usuarios_sistema verificada/criada
[2026-01-10 18:19:24] [INFO] Licença ativa encontrada: admin@local.test - Produto: 5776734
[2026-01-10 18:19:25] [INFO] Tabela usuarios_sistema verificada/criada
[2026-01-10 18:19:25] [INFO] Licença ativa encontrada: admin@local.test - Produto: 5776734
[2026-01-10 18:19:40] [INFO] Tabela usuarios_sistema verificada/criada
[2026-01-10 18:19:41] [INFO] Licença ativa encontrada: admin@local.test - Produto: 5776734
[2026-01-10 18:20:07] [INFO] Tabela usuarios_sistema verificada/criada
[2026-01-10 18:20:07] [INFO] Licença ativa encontrada: admin@local.test - Produto: 5776734
[2026-01-10 18:21:40] [INFO] Tabela usuarios_sistema verificada/criada
[2026-01-10 18:21:40] [INFO] Licença ativa encontrada: admin@local.test - Produto: 5776734
[2026-01-10 18:21:42] [INFO] Tabela usuarios_sistema verificada/criada
[2026-01-10 18:21:42] [INFO] Licença ativa encontrada: admin@local.test - Produto: 5776734
[2026-01-10 18:21:42] [INFO] Tabela usuarios_sistema verificada/criada
[2026-01-10 18:21:42] [INFO] Licença ativa encontrada: admin@local.test - Produto: 5776734
[2026-01-10 18:21:48] [INFO] Tabela usuarios_sistema verificada/criada
[2026-01-10 18:21:48] [INFO] Licença ativa encontrada: admin@local.test - Produto: 5776734
[2026-01-10 18:21:50] [INFO] Tabela usuarios_sistema verificada/criada
[2026-01-10 18:21:50] [INFO] Licença ativa encontrada: admin@local.test - Produto: 5776734
[2026-01-10 18:21:51] [INFO] Tabela usuarios_sistema verificada/criada
[2026-01-10 18:21:51] [INFO] Licença ativa encontrada: admin@local.test - Produto: 5776734
[2026-01-10 18:26:29] [INFO] Tabela usuarios_sistema verificada/criada
[2026-01-10 18:26:30] [INFO] Licença ativa encontrada: admin@local.test - Produto: 5776734
[2026-01-10 18:27:54] [INFO] Tabela usuarios_sistema verificada/criada
[2026-01-10 18:27:54] [INFO] Licença ativa encontrada: admin@local.test - Produto: 5776734
[2026-01-10 18:27:56] [INFO] Tabela usuarios_sistema verificada/criada
[2026-01-10 18:27:56] [INFO] Licença ativa encontrada: admin@local.test - Produto: 5776734
[2026-01-10 18:28:36] [INFO] Tabela usuarios_sistema verificada/criada
[2026-01-10 18:28:36] [INFO] Licença ativa encontrada: admin@local.test - Produto: 5776734
[2026-01-10 18:30:06] [INFO] Tabela usuarios_sistema verificada/criada
[2026-01-10 18:30:06] [INFO] Licença ativa encontrada: admin@local.test - Produto: 5776734
[2026-01-10 18:30:09] [INFO] Tabela usuarios_sistema verificada/criada
[2026-01-10 18:30:09] [INFO] Licença ativa encontrada: admin@local.test - Produto: 5776734
[2026-01-10 18:32:55] [INFO] Tabela usuarios_sistema verificada/criada
[2026-01-10 18:32:55] [INFO] Licença ativa encontrada: admin@local.test - Produto: 5776734
[2026-01-10 18:33:26] [INFO] Tabela usuarios_sistema verificada/criada
[2026-01-10 18:33:26] [INFO] Licença ativa encontrada: admin@local.test - Produto: 5776734
[2026-01-10 18:33:30] [INFO] Tabela usuarios_sistema verificada/criada
[2026-01-10 18:33:30] [INFO] Licença ativa encontrada: admin@local.test - Produto: 5776734
[2026-01-10 18:33:34] [INFO] Tabela usuarios_sistema verificada/criada
[2026-01-10 18:33:34] [INFO] Licença ativa encontrada: admin@local.test - Produto: 5776734
[2026-01-10 18:34:07] [INFO] Tabela usuarios_sistema verificada/criada
[2026-01-10 18:34:07] [INFO] Licença ativa encontrada: admin@local.test - Produto: 5776734
[2026-01-10 18:34:28] [INFO] Tabela usuarios_sistema verificada/criada
[2026-01-10 18:34:28] [INFO] Licença ativa encontrada: admin@local.test - Produto: 5776734
[2026-01-10 18:34:29] [INFO] Tabela usuarios_sistema verificada/criada
[2026-01-10 18:34:29] [INFO] Licença ativa encontrada: admin@local.test - Produto: 5776734
[2026-01-10 18:34:32] [INFO] Tabela usuarios_sistema verificada/criada
[2026-01-10 18:34:32] [INFO] Licença ativa encontrada: admin@local.test - Produto: 5776734
[2026-01-10 18:37:11] [INFO] Tabela usuarios_sistema verificada/criada
[2026-01-10 18:37:11] [INFO] Licença ativa encontrada: admin@local.test - Produto: 5776734
[2026-01-10 18:37:34] [INFO] Tabela usuarios_sistema verificada/criada
[2026-01-10 18:37:34] [INFO] Licença ativa encontrada: admin@local.test - Produto: 5776734
[2026-01-10 18:38:55] [INFO] Tabela usuarios_sistema verificada/criada
[2026-01-10 18:38:55] [INFO] Licença ativa encontrada: admin@local.test - Produto: 5776734
[2026-01-10 18:38:57] [INFO] Tabela usuarios_sistema verificada/criada
[2026-01-10 18:38:57] [INFO] Licença ativa encontrada: admin@local.test - Produto: 5776734
[2026-01-10 18:39:00] [INFO] Tabela usuarios_sistema verificada/criada
[2026-01-10 18:39:00] [INFO] Licença ativa encontrada: admin@local.test - Produto: 5776734
[2026-01-10 18:39:15] [INFO] Tabela usuarios_sistema verificada/criada
[2026-01-10 18:39:15] [INFO] Licença ativa encontrada: admin@local.test - Produto: 5776734
[2026-01-10 18:39:17] [INFO] Tabela usuarios_sistema verificada/criada
[2026-01-10 18:39:17] [INFO] Licença ativa encontrada: admin@local.test - Produto: 5776734
[2026-01-10 18:39:22] [INFO] Tabela usuarios_sistema verificada/criada
[2026-01-10 18:39:22] [INFO] Licença ativa encontrada: admin@local.test - Produto: 5776734
[2026-01-10 18:41:09] [INFO] Tabela usuarios_sistema verificada/criada
[2026-01-10 18:41:09] [INFO] Licença ativa encontrada: admin@local.test - Produto: 5776734
[2026-01-10 18:41:13] [INFO] Tabela usuarios_sistema verificada/criada
[2026-01-10 18:41:13] [INFO] Licença ativa encontrada: admin@local.test - Produto: 5776734
[2026-01-10 18:41:36] [INFO] Tabela usuarios_sistema verificada/criada
[2026-01-10 18:41:36] [INFO] Licença ativa encontrada: admin@local.test - Produto: 5776734
[2026-01-10 18:41:46] [INFO] Tabela usuarios_sistema verificada/criada
[2026-01-10 18:41:46] [INFO] Licença ativa encontrada: admin@local.test - Produto: 5776734
[2026-01-10 18:41:54] [INFO] Tabela usuarios_sistema verificada/criada
[2026-01-10 18:41:54] [INFO] Licença ativa encontrada: admin@local.test - Produto: 5776734
[2026-01-10 18:43:29] [INFO] Tabela usuarios_sistema verificada/criada
[2026-01-10 18:43:29] [INFO] Licença ativa encontrada: admin@local.test - Produto: 5776734
[2026-01-10 18:43:40] [INFO] Tabela usuarios_sistema verificada/criada
[2026-01-10 18:43:40] [INFO] Licença ativa encontrada: admin@local.test - Produto: 5776734
[2026-01-10 18:43:49] [INFO] Tabela usuarios_sistema verificada/criada
[2026-01-10 18:43:49] [INFO] Licença ativa encontrada: admin@local.test - Produto: 5776734
[2026-01-10 18:43:50] [INFO] Tabela usuarios_sistema verificada/criada
[2026-01-10 18:43:50] [INFO] Licença ativa encontrada: admin@local.test - Produto: 5776734
[2026-01-10 18:44:03] [INFO] Tabela usuarios_sistema verificada/criada
[2026-01-10 18:44:03] [INFO] Licença ativa encontrada: admin@local.test - Produto: 5776734
[2026-01-10 18:44:07] [INFO] Tabela usuarios_sistema verificada/criada
[2026-01-10 18:44:07] [INFO] Licença ativa encontrada: admin@local.test - Produto: 5776734
[2026-01-10 18:44:08] [INFO] Tabela usuarios_sistema verificada/criada
[2026-01-10 18:44:08] [INFO] Licença ativa encontrada: admin@local.test - Produto: 5776734
[2026-01-10 18:44:12] [INFO] Tabela usuarios_sistema verificada/criada
[2026-01-10 18:44:12] [INFO] Licença ativa encontrada: admin@local.test - Produto: 5776734
[2026-01-10 18:44:24] [INFO] Tabela usuarios_sistema verificada/criada
[2026-01-10 18:44:24] [INFO] Licença ativa encontrada: admin@local.test - Produto: 5776734
[2026-01-10 18:44:26] [INFO] Tabela usuarios_sistema verificada/criada
[2026-01-10 18:44:26] [INFO] Licença ativa encontrada: admin@local.test - Produto: 5776734
[2026-01-10 18:44:30] [INFO] Tabela usuarios_sistema verificada/criada
[2026-01-10 18:44:30] [INFO] Licença ativa encontrada: admin@local.test - Produto: 5776734
[2026-01-10 18:44:34] [INFO] Tabela usuarios_sistema verificada/criada
[2026-01-10 18:44:34] [INFO] Licença ativa encontrada: admin@local.test - Produto: 5776734
